[ 2016-02-29T22:27:41+08:00 ] ::1 /index.php/Index/skin/WdatePicker.css
ERR: 非法操作:skin

[ 2016-02-29T22:27:41+08:00 ] ::1 /index.php/Index/jweixin-1.0.0.js
ERR: 非法操作:jweixin-1.0.0.js

[ 2016-02-29T22:27:41+08:00 ] ::1 /index.php/Index/My97DatePicker.htm
ERR: 非法操作:My97DatePicker.htm

[ 2016-02-29T22:28:51+08:00 ] ::1 /index.php/Index/jweixin-1.0.0.js
ERR: 非法操作:jweixin-1.0.0.js

[ 2016-02-29T22:28:51+08:00 ] ::1 /index.php/Index/skin/WdatePicker.css
ERR: 非法操作:skin

[ 2016-02-29T22:28:51+08:00 ] ::1 /index.php/Index/My97DatePicker.htm
ERR: 非法操作:My97DatePicker.htm

[ 2016-02-29T22:29:01+08:00 ] ::1 /index.php/Index/skin/WdatePicker.css
ERR: 非法操作:skin

[ 2016-02-29T22:29:01+08:00 ] ::1 /index.php/Index/jweixin-1.0.0.js
ERR: 非法操作:jweixin-1.0.0.js

[ 2016-02-29T22:29:01+08:00 ] ::1 /index.php/Index/My97DatePicker.htm
ERR: 非法操作:My97DatePicker.htm

[ 2016-02-29T22:44:58+08:00 ] ::1 /index.php/Index/skin/WdatePicker.css
ERR: 非法操作:skin

[ 2016-02-29T22:48:30+08:00 ] ::1 /index.php/Index/jweixin-1.0.0.js
ERR: 非法操作:jweixin-1.0.0.js

[ 2016-02-29T22:48:30+08:00 ] ::1 /index.php/Index/skin/WdatePicker.css
ERR: 非法操作:skin

[ 2016-02-29T22:48:30+08:00 ] ::1 /index.php/Index/My97DatePicker.htm
ERR: 非法操作:My97DatePicker.htm

[ 2016-02-29T22:48:39+08:00 ] ::1 /index.php/Index/skin/WdatePicker.css
ERR: 非法操作:skin

[ 2016-02-29T22:54:06+08:00 ] ::1 /index.php/Index/jweixin-1.0.0.js
ERR: 非法操作:jweixin-1.0.0.js

[ 2016-02-29T22:54:06+08:00 ] ::1 /index.php/Index/skin/WdatePicker.css
ERR: 非法操作:skin

[ 2016-02-29T22:54:06+08:00 ] ::1 /index.php/Index/My97DatePicker.htm
ERR: 非法操作:My97DatePicker.htm

[ 2016-02-29T22:54:31+08:00 ] ::1 /index.php/Index/jweixin-1.0.0.js
ERR: 非法操作:jweixin-1.0.0.js

[ 2016-02-29T22:54:31+08:00 ] ::1 /index.php/Index/skin/WdatePicker.css
ERR: 非法操作:skin

[ 2016-02-29T22:54:32+08:00 ] ::1 /index.php/Index/My97DatePicker.htm
ERR: 非法操作:My97DatePicker.htm

[ 2016-02-29T22:55:04+08:00 ] ::1 /index.php/Index/jweixin-1.0.0.js
ERR: 非法操作:jweixin-1.0.0.js

[ 2016-02-29T22:55:04+08:00 ] ::1 /index.php/Index/skin/WdatePicker.css
ERR: 非法操作:skin

[ 2016-02-29T22:55:04+08:00 ] ::1 /index.php/Index/My97DatePicker.htm
ERR: 非法操作:My97DatePicker.htm

[ 2016-02-29T22:56:33+08:00 ] ::1 /index.php/Index/jweixin-1.0.0.js
ERR: 非法操作:jweixin-1.0.0.js

[ 2016-02-29T22:56:33+08:00 ] ::1 /index.php/Index/skin/WdatePicker.css
ERR: 非法操作:skin

[ 2016-02-29T22:56:33+08:00 ] ::1 /index.php/Index/My97DatePicker.htm
ERR: 非法操作:My97DatePicker.htm

[ 2016-02-29T22:56:54+08:00 ] ::1 /index.php/Index/jweixin-1.0.0.js
ERR: 非法操作:jweixin-1.0.0.js

[ 2016-02-29T22:56:54+08:00 ] ::1 /index.php/Index/skin/WdatePicker.css
ERR: 非法操作:skin

[ 2016-02-29T22:56:55+08:00 ] ::1 /index.php/Index/My97DatePicker.htm
ERR: 非法操作:My97DatePicker.htm

[ 2016-02-29T22:59:31+08:00 ] ::1 /index.php/Index/jweixin-1.0.0.js
ERR: 非法操作:jweixin-1.0.0.js

[ 2016-02-29T22:59:31+08:00 ] ::1 /index.php/Index/skin/WdatePicker.css
ERR: 非法操作:skin

[ 2016-02-29T22:59:32+08:00 ] ::1 /index.php/Index/My97DatePicker.htm
ERR: 非法操作:My97DatePicker.htm

[ 2016-02-29T23:01:31+08:00 ] ::1 /index.php/Index/My97DatePicker.htm
ERR: 非法操作:My97DatePicker.htm

[ 2016-02-29T23:01:32+08:00 ] ::1 /index.php/Index/jweixin-1.0.0.js
ERR: 非法操作:jweixin-1.0.0.js

[ 2016-02-29T23:01:32+08:00 ] ::1 /index.php/Index/skin/WdatePicker.css
ERR: 非法操作:skin

[ 2016-02-29T23:01:32+08:00 ] ::1 /index.php/Index/My97DatePicker.htm
ERR: 非法操作:My97DatePicker.htm

[ 2016-02-29T23:01:46+08:00 ] ::1 /index.php/Index/jweixin-1.0.0.js
ERR: 非法操作:jweixin-1.0.0.js

[ 2016-02-29T23:01:47+08:00 ] ::1 /index.php/Index/skin/WdatePicker.css
ERR: 非法操作:skin

[ 2016-02-29T23:01:47+08:00 ] ::1 /index.php/Index/My97DatePicker.htm
ERR: 非法操作:My97DatePicker.htm

[ 2016-02-29T23:02:11+08:00 ] ::1 /index.php/Index/My97DatePicker.htm
ERR: 非法操作:My97DatePicker.htm

[ 2016-02-29T23:03:09+08:00 ] ::1 /index.php/Index/jweixin-1.0.0.js
ERR: 非法操作:jweixin-1.0.0.js

[ 2016-02-29T23:03:09+08:00 ] ::1 /index.php/Index/skin/WdatePicker.css
ERR: 非法操作:skin

[ 2016-02-29T23:03:09+08:00 ] ::1 /index.php/Index/My97DatePicker.htm
ERR: 非法操作:My97DatePicker.htm

[ 2016-02-29T23:03:16+08:00 ] ::1 /index.php/Index/My97DatePicker.htm
ERR: 非法操作:My97DatePicker.htm

[ 2016-02-29T23:04:14+08:00 ] ::1 /index.php/Index/jweixin-1.0.0.js
ERR: 非法操作:jweixin-1.0.0.js

[ 2016-02-29T23:04:14+08:00 ] ::1 /index.php/Index/skin/WdatePicker.css
ERR: 非法操作:skin

[ 2016-02-29T23:04:14+08:00 ] ::1 /index.php/Index/My97DatePicker.htm
ERR: 非法操作:My97DatePicker.htm

[ 2016-02-29T23:09:06+08:00 ] ::1 /index.php/Index/jweixin-1.0.0.js
ERR: 非法操作:jweixin-1.0.0.js

[ 2016-02-29T23:09:06+08:00 ] ::1 /index.php/Index/skin/WdatePicker.css
ERR: 非法操作:skin

[ 2016-02-29T23:09:06+08:00 ] ::1 /index.php/Index/My97DatePicker.htm
ERR: 非法操作:My97DatePicker.htm

[ 2016-02-29T23:09:07+08:00 ] ::1 /index.php/Home/Index/jweixin-1.0.0.js
ERR: 非法操作:jweixin-1.0.0.js

[ 2016-02-29T23:09:57+08:00 ] ::1 /index.php/Home/Index/jweixin-1.0.0.js
ERR: 非法操作:jweixin-1.0.0.js

[ 2016-02-29T23:11:15+08:00 ] ::1 /index.php/Index/My97DatePicker.htm
ERR: 非法操作:My97DatePicker.htm

[ 2016-02-29T23:11:16+08:00 ] ::1 /index.php/Index/jweixin-1.0.0.js
ERR: 非法操作:jweixin-1.0.0.js

[ 2016-02-29T23:11:16+08:00 ] ::1 /index.php/Index/skin/WdatePicker.css
ERR: 非法操作:skin

[ 2016-02-29T23:11:16+08:00 ] ::1 /index.php/Index/My97DatePicker.htm
ERR: 非法操作:My97DatePicker.htm

[ 2016-02-29T23:11:35+08:00 ] ::1 /index.php/Index/My97DatePicker.htm
ERR: 非法操作:My97DatePicker.htm

[ 2016-02-29T23:13:31+08:00 ] ::1 /index.php/Index/jweixin-1.0.0.js
ERR: 非法操作:jweixin-1.0.0.js

[ 2016-02-29T23:13:31+08:00 ] ::1 /index.php/Index/skin/WdatePicker.css
ERR: 非法操作:skin

[ 2016-02-29T23:13:31+08:00 ] ::1 /index.php/Index/My97DatePicker.htm
ERR: 非法操作:My97DatePicker.htm

[ 2016-02-29T23:13:33+08:00 ] ::1 /index.php/Index/jweixin-1.0.0.js
ERR: 非法操作:jweixin-1.0.0.js

[ 2016-02-29T23:13:33+08:00 ] ::1 /index.php/Index/skin/WdatePicker.css
ERR: 非法操作:skin

[ 2016-02-29T23:13:33+08:00 ] ::1 /index.php/Index/My97DatePicker.htm
ERR: 非法操作:My97DatePicker.htm

[ 2016-02-29T23:14:32+08:00 ] ::1 /index.php/Index/jweixin-1.0.0.js
ERR: 非法操作:jweixin-1.0.0.js

[ 2016-02-29T23:14:32+08:00 ] ::1 /index.php/Index/skin/WdatePicker.css
ERR: 非法操作:skin

[ 2016-02-29T23:14:32+08:00 ] ::1 /index.php/Index/My97DatePicker.htm
ERR: 非法操作:My97DatePicker.htm

[ 2016-02-29T23:14:33+08:00 ] ::1 /index.php/Index/jweixin-1.0.0.js
ERR: 非法操作:jweixin-1.0.0.js

[ 2016-02-29T23:14:33+08:00 ] ::1 /index.php/Index/skin/WdatePicker.css
ERR: 非法操作:skin

[ 2016-02-29T23:14:33+08:00 ] ::1 /index.php/Index/My97DatePicker.htm
ERR: 非法操作:My97DatePicker.htm

[ 2016-02-29T23:14:58+08:00 ] ::1 /index.php/Index/jweixin-1.0.0.js
ERR: 非法操作:jweixin-1.0.0.js

[ 2016-02-29T23:14:58+08:00 ] ::1 /index.php/Index/skin/WdatePicker.css
ERR: 非法操作:skin

[ 2016-02-29T23:14:58+08:00 ] ::1 /index.php/Index/My97DatePicker.htm
ERR: 非法操作:My97DatePicker.htm

[ 2016-02-29T23:15:43+08:00 ] ::1 /index.php/Index/jweixin-1.0.0.js
ERR: 非法操作:jweixin-1.0.0.js

[ 2016-02-29T23:15:43+08:00 ] ::1 /index.php/Index/skin/WdatePicker.css
ERR: 非法操作:skin

[ 2016-02-29T23:15:43+08:00 ] ::1 /index.php/Index/My97DatePicker.htm
ERR: 非法操作:My97DatePicker.htm

[ 2016-02-29T23:16:07+08:00 ] ::1 /index.php/Index/jweixin-1.0.0.js
ERR: 非法操作:jweixin-1.0.0.js

[ 2016-02-29T23:16:07+08:00 ] ::1 /index.php/Index/skin/WdatePicker.css
ERR: 非法操作:skin

[ 2016-02-29T23:16:07+08:00 ] ::1 /index.php/Index/My97DatePicker.htm
ERR: 非法操作:My97DatePicker.htm

[ 2016-02-29T23:16:22+08:00 ] ::1 /index.php/Index/jweixin-1.0.0.js
ERR: 非法操作:jweixin-1.0.0.js

[ 2016-02-29T23:16:22+08:00 ] ::1 /index.php/Index/skin/WdatePicker.css
ERR: 非法操作:skin

[ 2016-02-29T23:16:22+08:00 ] ::1 /index.php/Index/My97DatePicker.htm
ERR: 非法操作:My97DatePicker.htm

[ 2016-02-29T23:16:27+08:00 ] ::1 /index.php/Index/jweixin-1.0.0.js
ERR: 非法操作:jweixin-1.0.0.js

[ 2016-02-29T23:16:27+08:00 ] ::1 /index.php/Index/skin/WdatePicker.css
ERR: 非法操作:skin

[ 2016-02-29T23:16:27+08:00 ] ::1 /index.php/Index/My97DatePicker.htm
ERR: 非法操作:My97DatePicker.htm

[ 2016-02-29T23:17:31+08:00 ] ::1 /index.php/Index/jweixin-1.0.0.js
ERR: 非法操作:jweixin-1.0.0.js

[ 2016-02-29T23:17:31+08:00 ] ::1 /index.php/Index/skin/WdatePicker.css
ERR: 非法操作:skin

[ 2016-02-29T23:17:31+08:00 ] ::1 /index.php/Index/My97DatePicker.htm
ERR: 非法操作:My97DatePicker.htm

[ 2016-02-29T23:18:05+08:00 ] ::1 /index.php/Index/jweixin-1.0.0.js
ERR: 非法操作:jweixin-1.0.0.js

[ 2016-02-29T23:18:05+08:00 ] ::1 /index.php/Index/skin/WdatePicker.css
ERR: 非法操作:skin

[ 2016-02-29T23:18:05+08:00 ] ::1 /index.php/Index/My97DatePicker.htm
ERR: 非法操作:My97DatePicker.htm

[ 2016-02-29T23:18:51+08:00 ] ::1 /index.php/Index/jweixin-1.0.0.js
ERR: 非法操作:jweixin-1.0.0.js

[ 2016-02-29T23:18:51+08:00 ] ::1 /index.php/Index/skin/WdatePicker.css
ERR: 非法操作:skin

[ 2016-02-29T23:18:51+08:00 ] ::1 /index.php/Index/My97DatePicker.htm
ERR: 非法操作:My97DatePicker.htm

[ 2016-02-29T23:19:19+08:00 ] ::1 /index.php/Index/jweixin-1.0.0.js
ERR: 非法操作:jweixin-1.0.0.js

[ 2016-02-29T23:19:19+08:00 ] ::1 /index.php/Index/skin/WdatePicker.css
ERR: 非法操作:skin

[ 2016-02-29T23:19:19+08:00 ] ::1 /index.php/Index/My97DatePicker.htm
ERR: 非法操作:My97DatePicker.htm

[ 2016-02-29T23:19:45+08:00 ] ::1 /index.php/Index/jweixin-1.0.0.js
ERR: 非法操作:jweixin-1.0.0.js

[ 2016-02-29T23:19:45+08:00 ] ::1 /index.php/Index/skin/WdatePicker.css
ERR: 非法操作:skin

[ 2016-02-29T23:19:45+08:00 ] ::1 /index.php/Index/My97DatePicker.htm
ERR: 非法操作:My97DatePicker.htm

[ 2016-02-29T23:19:58+08:00 ] ::1 /index.php/Index/jweixin-1.0.0.js
ERR: 非法操作:jweixin-1.0.0.js

[ 2016-02-29T23:19:58+08:00 ] ::1 /index.php/Index/skin/WdatePicker.css
ERR: 非法操作:skin

[ 2016-02-29T23:19:58+08:00 ] ::1 /index.php/Index/My97DatePicker.htm
ERR: 非法操作:My97DatePicker.htm

[ 2016-02-29T23:21:28+08:00 ] ::1 /index.php/Index/jweixin-1.0.0.js
ERR: 非法操作:jweixin-1.0.0.js

[ 2016-02-29T23:21:28+08:00 ] ::1 /index.php/Index/skin/WdatePicker.css
ERR: 非法操作:skin

[ 2016-02-29T23:21:29+08:00 ] ::1 /index.php/Index/My97DatePicker.htm
ERR: 非法操作:My97DatePicker.htm

[ 2016-02-29T23:21:37+08:00 ] ::1 /index.php/Index/jweixin-1.0.0.js
ERR: 非法操作:jweixin-1.0.0.js

[ 2016-02-29T23:21:37+08:00 ] ::1 /index.php/Index/skin/WdatePicker.css
ERR: 非法操作:skin

[ 2016-02-29T23:21:37+08:00 ] ::1 /index.php/Index/My97DatePicker.htm
ERR: 非法操作:My97DatePicker.htm

[ 2016-02-29T23:21:54+08:00 ] ::1 /index.php/Index/skin/WdatePicker.css
ERR: 非法操作:skin

