[ 2016-02-22T18:17:23+08:00 ] ::1 /index.php/Admin
INFO: [ app_begin ] --START--
INFO: Run Behavior\ReadHtmlCacheBehavior [ RunTime:0.001000s ]
INFO: [ app_begin ] --END-- [ RunTime:0.001000s ]
INFO: [ view_parse ] --START--
INFO: [ template_filter ] --START--
INFO: Run Behavior\ContentReplaceBehavior [ RunTime:0.000000s ]
INFO: [ template_filter ] --END-- [ RunTime:0.000000s ]
NOTIC: [8] Undefined variable: smarty D:\wamp\www\weixin\Runtime\Cache\Admin\52a3dbad8bcdef3c797be9738cff7cf5.php 第 257 行.
NOTIC: [8] Undefined variable: smarty D:\wamp\www\weixin\Runtime\Cache\Admin\52a3dbad8bcdef3c797be9738cff7cf5.php 第 283 行.
NOTIC: [8] Undefined variable: smarty D:\wamp\www\weixin\Runtime\Cache\Admin\52a3dbad8bcdef3c797be9738cff7cf5.php 第 284 行.
NOTIC: [8] Undefined variable: smarty D:\wamp\www\weixin\Runtime\Cache\Admin\52a3dbad8bcdef3c797be9738cff7cf5.php 第 285 行.
NOTIC: [8] Undefined variable: smarty D:\wamp\www\weixin\Runtime\Cache\Admin\52a3dbad8bcdef3c797be9738cff7cf5.php 第 286 行.
NOTIC: [8] Undefined variable: smarty D:\wamp\www\weixin\Runtime\Cache\Admin\52a3dbad8bcdef3c797be9738cff7cf5.php 第 287 行.
NOTIC: [8] Undefined variable: smarty D:\wamp\www\weixin\Runtime\Cache\Admin\52a3dbad8bcdef3c797be9738cff7cf5.php 第 288 行.
NOTIC: [8] Undefined variable: smarty D:\wamp\www\weixin\Runtime\Cache\Admin\52a3dbad8bcdef3c797be9738cff7cf5.php 第 308 行.
INFO: Run Behavior\ParseTemplateBehavior [ RunTime:0.007001s ]
INFO: [ view_parse ] --END-- [ RunTime:0.007001s ]
INFO: [ view_filter ] --START--
INFO: Run Behavior\WriteHtmlCacheBehavior [ RunTime:0.000000s ]
INFO: [ view_filter ] --END-- [ RunTime:0.000000s ]
INFO: [ app_end ] --START--
INFO: Run Behavior\ShowPageTraceBehavior [ RunTime:0.001000s ]
INFO: [ app_end ] --END-- [ RunTime:0.001000s ]

[ 2016-02-22T21:27:31+08:00 ] ::1 /index.php/Admin
INFO: [ app_begin ] --START--
INFO: Run Behavior\ReadHtmlCacheBehavior [ RunTime:0.001000s ]
INFO: [ app_begin ] --END-- [ RunTime:0.001000s ]
INFO: [ view_parse ] --START--
INFO: [ template_filter ] --START--
INFO: Run Behavior\ContentReplaceBehavior [ RunTime:0.000000s ]
INFO: [ template_filter ] --END-- [ RunTime:0.000000s ]
NOTIC: [8] Undefined variable: smarty D:\wamp\www\weixin\Runtime\Cache\Admin\52a3dbad8bcdef3c797be9738cff7cf5.php 第 257 行.
NOTIC: [8] Undefined variable: smarty D:\wamp\www\weixin\Runtime\Cache\Admin\52a3dbad8bcdef3c797be9738cff7cf5.php 第 283 行.
NOTIC: [8] Undefined variable: smarty D:\wamp\www\weixin\Runtime\Cache\Admin\52a3dbad8bcdef3c797be9738cff7cf5.php 第 284 行.
NOTIC: [8] Undefined variable: smarty D:\wamp\www\weixin\Runtime\Cache\Admin\52a3dbad8bcdef3c797be9738cff7cf5.php 第 285 行.
NOTIC: [8] Undefined variable: smarty D:\wamp\www\weixin\Runtime\Cache\Admin\52a3dbad8bcdef3c797be9738cff7cf5.php 第 286 行.
NOTIC: [8] Undefined variable: smarty D:\wamp\www\weixin\Runtime\Cache\Admin\52a3dbad8bcdef3c797be9738cff7cf5.php 第 287 行.
NOTIC: [8] Undefined variable: smarty D:\wamp\www\weixin\Runtime\Cache\Admin\52a3dbad8bcdef3c797be9738cff7cf5.php 第 288 行.
NOTIC: [8] Undefined variable: smarty D:\wamp\www\weixin\Runtime\Cache\Admin\52a3dbad8bcdef3c797be9738cff7cf5.php 第 308 行.
INFO: Run Behavior\ParseTemplateBehavior [ RunTime:0.008000s ]
INFO: [ view_parse ] --END-- [ RunTime:0.008000s ]
INFO: [ view_filter ] --START--
INFO: Run Behavior\WriteHtmlCacheBehavior [ RunTime:0.001000s ]
INFO: [ view_filter ] --END-- [ RunTime:0.001000s ]
INFO: [ app_end ] --START--
INFO: Run Behavior\ShowPageTraceBehavior [ RunTime:0.000000s ]
INFO: [ app_end ] --END-- [ RunTime:0.000000s ]

